<?xml version="1.0" encoding="UTF-8"?>
<testsuite xmlns:xsi="http://www.w3.org/2001/XMLSchema-instance" xsi:noNamespaceSchemaLocation="https://maven.apache.org/surefire/maven-surefire-plugin/xsd/surefire-test-report-3.0.xsd" version="3.0" name="tests.TrelloTest" time="10.586" tests="1" errors="0" skipped="0" failures="0">
  <properties>
[...]
</properties>
  <testcase name="WebServiceTest" classname="tests.TrelloTest" time="10.56">
    <system-out><![CDATA[23:32:34.214 [main] INFO  pages.TrelloPage - Board Created. Name : Test Board, ID : 60c519e24202710ff1fd32a4
23:32:34.457 [main] INFO  pages.TrelloPage - List Created. Name : Test List, ID : 60c519e2b2e4dc468d74f40f
[{"id":"60c519e2b2e4dc468d74f40f","name":"Test List","closed":false,"pos":8192,"softLimit":null,"idBoard":"60c519e24202710ff1fd32a4","subscribed":false},{"id":"60c519e24202710ff1fd32a5","name":"Yapılacaklar","closed":false,"pos":16384,"softLimit":null,"idBoard":"60c519e24202710ff1fd32a4","subscribed":false},{"id":"60c519e24202710ff1fd32a6","name":"Yapılıyor","closed":false,"pos":32768,"softLimit":null,"idBoard":"60c519e24202710ff1fd32a4","subscribed":false},{"id":"60c519e24202710ff1fd32a7","name":"Tamamlandı","closed":false,"pos":49152,"softLimit":null,"idBoard":"60c519e24202710ff1fd32a4","subscribed":false}]
23:32:34.640 [main] INFO  pages.TrelloPage - Lists size : 4 for board with ID : 60c519e24202710ff1fd32a4
23:32:38.256 [main] INFO  pages.TrelloPage - Card Created. Name : Test Card, ID : 60c519e63a0d244643d2c474
23:32:39.042 [main] INFO  pages.TrelloPage - Card Created. Name : Test Card 2, ID : 60c519e70cd76b7a7a89c29e
23:32:39.799 [main] INFO  pages.TrelloPage - Card Updated. Card ID : 60c519e70cd76b7a7a89c29e, Parameter : name, New Value : NewName
23:32:40.538 [main] INFO  pages.TrelloPage - Card Updated. Card ID : 60c519e70cd76b7a7a89c29e, Parameter : desc, New Value : New Desc
23:32:41.248 [main] INFO  pages.TrelloPage - Card Deleted. Card ID : 60c519e63a0d244643d2c474
23:32:41.498 [main] INFO  pages.TrelloPage - Card Deleted. Card ID : 60c519e70cd76b7a7a89c29e
23:32:41.981 [main] INFO  pages.TrelloPage - Board Deleted. Card ID : 60c519e24202710ff1fd32a4
]]></system-out>
    <system-err><![CDATA[Jun 12, 2021 11:32:34 PM org.apache.http.client.protocol.ResponseProcessCookies processCookies
WARNING: Invalid cookie header: "Set-Cookie: dsc=0816930fbec06867f392f6cfaea8c9159e66310882692237518eaa9eaef58af7; Path=/; Expires=Tue, 15 Jun 2021 20:32:35 GMT; Secure". Invalid 'expires' attribute: Tue, 15 Jun 2021 20:32:35 GMT
]]></system-err>
  </testcase>
</testsuite>