<?xml version="1.0" encoding="UTF-8"?>
<testsuite xmlns:xsi="http://www.w3.org/2001/XMLSchema-instance" xsi:noNamespaceSchemaLocation="https://maven.apache.org/surefire/maven-surefire-plugin/xsd/surefire-test-report-3.0.xsd" version="3.0" name="tests.TestDeneme" time="100.825" tests="1" errors="0" skipped="0" failures="0">
  <properties>
[...]
</properties>
  <testcase name="deneme" classname="tests.TestDeneme" time="100.81">
    <system-out><![CDATA[02:10:15.504 [main] INFO  pages.MainPage - Anasayfa Görüldü
02:10:19.801 [main] INFO  pages.LoginPage - Login Sayfas? görüldü
02:11:24.421 [main] ERROR pages.MainPage - Login ba?ar?l? de?il. Anasayfaya Geçilecek
02:11:26.762 [main] INFO  pages.MainPage - Anasayfa Görüldü
02:11:31.976 [main] INFO  pages.ResultsPage - Arama Sonuçlar? Geldi
02:11:37.283 [main] INFO  pages.ResultsPage - Ürün Bilgileri Dosyaya Yaz?ld?
02:11:42.520 [main] INFO  pages.BasketPage - Sepetim Sayfas? Görüldü
HP 460-P203NT 4XC10EA i5-7400T 4 GB 1 TB HD Graphics 630 Masaüstü Bilgisayar
4.449,40 TL
02:11:43.598 [main] INFO  pages.BasketPage - Fiyat Kar??la?t?rmas? Ba?ar?l?
02:11:46.799 [main] INFO  pages.BasketPage - Ürün say?s?n?n 2 oldu?u görüldü
02:11:47.875 [main] INFO  pages.BasketPage - Delete Butonuna Bas?ld?
02:11:48.920 [main] INFO  pages.BasketPage - Sepetin Bo? oldu?u görüldü
]]></system-out>
    <system-err><![CDATA[Starting ChromeDriver 91.0.4472.19 (1bf021f248676a0b2ab3ee0561d83a59e424c23e-refs/branch-heads/4472@{#288}) on port 42745
Only local connections are allowed.
Please see https://chromedriver.chromium.org/security-considerations for suggestions on keeping ChromeDriver safe.
ChromeDriver was started successfully.
[1623453010.746][WARNING]: Deprecated chrome option is ignored: useAutomationExtension
[1623453010.746][WARNING]: Deprecated chrome option is ignored: useAutomationExtension
Jun 12, 2021 2:10:11 AM org.openqa.selenium.remote.ProtocolHandshake createSession
INFO: Detected dialect: W3C
]]></system-err>
  </testcase>
</testsuite>